ParseStarterProject/build/outputs/mapping/release/seeds.txt
com.happy.starter.CategoriesList
com.happy.starter.CategoriesList: CategoriesList()
com.happy.starter.ImportPhotos
com.happy.starter.ImportPhotos: ImportPhotos()
com.happy.starter.Main2Activity
com.happy.starter.Main2Activity: Main2Activity()
com.happy.starter.Main3Activity
com.happy.starter.Main3Activity: Main3Activity()
com.happy.starter.MainActivity
com.happy.starter.MainActivity: MainActivity()
com.happy.starter.R$anim: int abc_fade_in
com.happy.starter.R$anim: int abc_fade_out
com.happy.starter.R$anim: int abc_grow_fade_in_from_bottom
com.happy.starter.R$anim: int abc_popup_enter
com.happy.starter.R$anim: int abc_popup_exit
com.happy.starter.R$anim: int abc_shrink_fade_out_from_bottom
com.happy.starter.R$anim: int abc_slide_in_bottom
com.happy.starter.R$anim: int abc_slide_in_top
com.happy.starter.R$anim: int abc_slide_out_bottom
com.happy.starter.R$anim: int abc_slide_out_top
com.happy.starter.R$anim: int design_bottom_sheet_slide_in
com.happy.starter.R$anim: int design_bottom_sheet_slide_out
com.happy.starter.R$anim: int design_fab_in
com.happy.starter.R$anim: int design_fab_out
com.happy.starter.R$anim: int design_snackbar_in
com.happy.starter.R$anim: int design_snackbar_out
com.happy.starter.R$anim: int fab_fade_in
com.happy.starter.R$anim: int fab_fade_out
com.happy.starter.R$anim: int fab_jump_from_down
com.happy.starter.R$anim: int fab_jump_from_right
com.happy.starter.R$anim: int fab_jump_to_down
com.happy.starter.R$anim: int fab_jump_to_right
com.happy.starter.R$anim: int fab_roll_from_down
com.happy.starter.R$anim: int fab_roll_from_right
com.happy.starter.R$anim: int fab_roll_to_down
com.happy.starter.R$anim: int fab_roll_to_right
com.happy.starter.R$anim: int fab_scale_down
com.happy.starter.R$anim: int fab_scale_up
com.happy.starter.R$animator: int design_appbar_state_list_animator
com.happy.starter.R$array: int cast_expanded_controller_default_control_buttons
com.happy.starter.R$array: int cast_mini_controller_default_control_buttons
com.happy.starter.R$attr: int actionBarDivider
com.happy.starter.R$attr: int actionBarItemBackground
com.happy.starter.R$attr: int actionBarPopupTheme
com.happy.starter.R$attr: int actionBarSize
com.happy.starter.R$attr: int actionBarSplitStyle
com.happy.starter.R$attr: int actionBarStyle
com.happy.starter.R$attr: int actionBarTabBarStyle
com.happy.starter.R$attr: int actionBarTabStyle
com.happy.starter.R$attr: int actionBarTabTextStyle
com.happy.starter.R$attr: int actionBarTheme
com.happy.starter.R$attr: int actionBarWidgetTheme
com.happy.starter.R$attr: int actionButtonStyle
com.happy.starter.R$attr: int actionDropDownStyle
com.happy.starter.R$attr: int actionLayout
com.happy.starter.R$attr: int actionMenuTextAppearance
com.happy.starter.R$attr: int actionMenuTextColor
com.happy.starter.R$attr: int actionModeBackground
com.happy.starter.R$attr: int actionModeCloseButtonStyle
com.happy.starter.R$attr: int actionModeCloseDrawable
com.happy.starter.R$attr: int actionModeCopyDrawable
com.happy.starter.R$attr: int actionModeCutDrawable
com.happy.starter.R$attr: int actionModeFindDrawable
com.happy.starter.R$attr: int actionModePasteDrawable
com.happy.starter.R$attr: int actionModePopupWindowStyle
com.happy.starter.R$attr: int actionModeSelectAllDrawable
com.happy.starter.R$attr: int actionModeShareDrawable
com.happy.starter.R$attr: int actionModeSplitBackground
com.happy.starter.R$attr: int actionModeStyle
com.happy.starter.R$attr: int actionModeWebSearchDrawable
com.happy.starter.R$bool: int abc_action_bar_embed_tabs
com.happy.starter.R$bool: int abc_allow_stacked_button_bar
com.happy.starter.R$bool: int abc_config_actionMenuItemAllCaps
com.happy.starter.R$bool: int abc_config_closeDialogWhenTouchOutside
com.happy.starter.R$bool: int abc_config_showMenuShortcutsWhenKeyboardPresent
...
android.support.constraint.ConstraintLayout: void setId(int)
android.support.constraint.ConstraintLayout: void setMinWidth(int)
android.support.constraint.ConstraintLayout: void setMinHeight(int)
android.support.constraint.ConstraintLayout: int getMinWidth()
android.support.constraint.ConstraintLayout: int getMinHeight()
android.support.constraint.ConstraintLayout: void setMaxWidth(int)
android.support.constraint.ConstraintLayout: void setMaxHeight(int)
android.support.constraint.ConstraintLayout: int getMaxWidth()
android.support.constraint.ConstraintLayout: int getMaxHeight()
android.support.constraint.ConstraintLayout: void setOptimizationLevel(int)
android.support.constraint.ConstraintLayout: void setConstraintSet(android.support.constraint.ConstraintSet)
android.support.constraint.Guideline: void setVisibility(int)
android.support.constraint.R$attr: int constraintSet
android.support.constraint.R$attr: int layout_constraintBaseline_creator
android.support.constraint.R$attr: int layout_constraintBaseline_toBaselineOf
android.support.constraint.R$attr: int layout_constraintBottom_creator
android.support.constraint.R$attr: int layout_constraintBottom_toBottomOf
android.support.constraint.R$attr: int layout_constraintBottom_toTopOf
android.support.constraint.R$attr: int layout_constraintDimensionRatio
android.support.constraint.R$attr: int layout_constraintEnd_toEndOf
android.support.constraint.R$attr: int layout_constraintEnd_toStartOf
android.support.constraint.R$attr: int layout_constraintGuide_begin
android.support.constraint.R$attr: int layout_constraintGuide_end
android.support.constraint.R$attr: int layout_constraintGuide_percent
android.support.constraint.R$attr: int layout_constraintHeight_default
android.support.constraint.R$attr: int layout_constraintHeight_max
android.support.constraint.R$attr: int layout_constraintHeight_min
android.support.constraint.R$attr: int layout_constraintHorizontal_bias
android.support.constraint.R$attr: int layout_constraintHorizontal_chainStyle
android.support.constraint.R$attr: int layout_constraintHorizontal_weight
android.support.constraint.R$attr: int layout_constraintLeft_creator
android.support.constraint.R$attr: int layout_constraintLeft_toLeftOf
android.support.constraint.R$attr: int layout_constraintLeft_toRightOf
android.support.constraint.R$id: int all
android.support.constraint.R$id: int basic
android.support.constraint.R$id: int chains
android.support.constraint.R$id: int none
android.support.constraint.R$id: int packed
android.support.constraint.R$id: int parent
android.support.constraint.R$id: int spread
android.support.constraint.R$id: int spread_inside
android.support.constraint.R$id: int wrap