ParseStarterProject/build/outputs/mapping/release/mapping.txt
com.happy.starter.CategoriesList -> com.happy.starter.CategoriesList:
    10:10:void <init>() -> <init>
    14:30:void onCreate(android.os.Bundle) -> onCreate
com.happy.starter.CategoriesList$1 -> com.happy.starter.CategoriesList$1:
    com.happy.starter.CategoriesList this$0 -> a
    21:21:void <init>(com.happy.starter.CategoriesList) -> <init>
    24:26:void onClick(android.view.View) -> onClick
com.happy.starter.EndlessRecyclerViewScrollListener -> com.happy.starter.a:
    int visibleThreshold -> b
    int currentPage -> c
    int previousTotalItemCount -> d
    boolean loading -> e
    int startingPageIndex -> f
    android.support.v7.widget.RecyclerView$LayoutManager mLayoutManager -> a
    15:29:void <init>(android.support.v7.widget.LinearLayoutManager) -> <init>
    42:51:int getLastVisibleItem(int[]) -> a
    59:98:void onScrolled(android.support.v7.widget.RecyclerView,int,int) -> a
    void onLoadMore(int,int,android.support.v7.widget.RecyclerView) -> a
com.happy.starter.ImportPhotos -> com.happy.starter.ImportPhotos:
    24:24:void <init>() -> <init>
    28:31:void getPhoto() -> k
    35:48:void onRequestPermissionsResult(int,java.lang.String[],int[]) -> onRequestPermissionsResult
    53:73:void onCreate(android.os.Bundle) -> onCreate
    76:126:void onActivityResult(int,int,android.content.Intent) -> onActivityResult
com.happy.starter.ImportPhotos$1 -> com.happy.starter.ImportPhotos$1:
    com.happy.starter.ImportPhotos this$0 -> a
    102:102:void <init>(com.happy.starter.ImportPhotos) -> <init>
    106:116:void done(com.parse.ParseException) -> a
    102:102:void done(java.lang.Throwable) -> done
com.happy.starter.Item -> com.happy.starter.b:
    java.lang.String img -> a
    7:7:void <init>() -> <init>
com.happy.starter.ItemAdapter -> com.happy.starter.c:
    android.content.Context context -> b
    java.util.ArrayList itemList -> c
    android.support.v4.widget.SwipeRefreshLayout swiper -> a
    46:50:void <init>(android.content.Context,java.util.ArrayList,android.support.v4.widget.SwipeRefreshLayout) -> <init>
    54:59:com.happy.starter.ItemAdapter$ItemViewHolder onCreateViewHolder(android.view.ViewGroup,int) -> a
    64:100:void onBindViewHolder(com.happy.starter.ItemAdapter$ItemViewHolder,int) -> a
    141:144:void swap(java.util.ArrayList) -> a
    175:178:int getItemCount() -> a
    38:38:void onBindViewHolder(android.support.v7.widget.RecyclerView$ViewHolder,int) -> a
    38:38:android.support.v7.widget.RecyclerView$ViewHolder onCreateViewHolder(android.view.ViewGroup,int) -> b
    38:38:android.content.Context access$000(com.happy.starter.ItemAdapter) -> a
com.happy.starter.ItemAdapter$1 -> com.happy.starter.c$1:
    java.lang.String val$string -> a
    com.happy.starter.ItemAdapter this$0 -> b
    74:74:void <init>(com.happy.starter.ItemAdapter,java.lang.String) -> <init>
    77:81:void onClick(android.view.View) -> onClick
com.happy.starter.ItemAdapter$2 -> com.happy.starter.c$2:
    java.lang.String val$string -> a
    com.happy.starter.ItemAdapter this$0 -> b
    84:84:void <init>(com.happy.starter.ItemAdapter,java.lang.String) -> <init>
    87:96:void onClick(android.view.View) -> onClick
com.happy.starter.ItemAdapter$ItemViewHolder -> com.happy.starter.c$a:
    android.support.v7.widget.CardView cvItem -> n
    android.widget.ImageView ivImg -> o
    android.support.v4.widget.SwipeRefreshLayout swiper -> p
    android.widget.ImageView btnMore -> q
    193:199:void <init>(android.view.View) -> <init>
...
android.support.v7.app.ActionBarDrawerToggle$HoneycombDelegate -> android.support.v7.app.b$d:
    android.app.Activity mActivity -> a
    android.support.v7.app.ActionBarDrawerToggleHoneycomb$SetIndicatorInfo mSetIndicatorInfo -> b
    508:510:void <init>(android.app.Activity) -> <init>
    514:514:android.graphics.drawable.Drawable getThemeUpIndicator() -> a
    519:519:android.content.Context getActionBarThemedContext() -> b
    524:526:boolean isNavigationVisible() -> c
    531:538:void setActionBarUpIndicator(android.graphics.drawable.Drawable,int) -> a
    542:544:void setActionBarDescription(int) -> a
android.support.v7.app.ActionBarDrawerToggle$IcsDelegate -> android.support.v7.app.b$e:
    555:556:void <init>(android.app.Activity) -> <init>
    560:567:android.content.Context getActionBarThemedContext() -> b
android.support.v7.app.ActionBarDrawerToggle$JellybeanMr2Delegate -> android.support.v7.app.b$f:
    android.app.Activity mActivity -> a
    580:582:void <init>(android.app.Activity) -> <init>
    586:590:android.graphics.drawable.Drawable getThemeUpIndicator() -> a
    595:602:android.content.Context getActionBarThemedContext() -> b
    607:609:boolean isNavigationVisible() -> c
    614:619:void setActionBarUpIndicator(android.graphics.drawable.Drawable,int) -> a
    623:627:void setActionBarDescription(int) -> a
android.support.v7.app.ActionBarDrawerToggle$ToolbarCompatDelegate -> android.support.v7.app.b$g:
    android.support.v7.widget.Toolbar mToolbar -> a
    android.graphics.drawable.Drawable mDefaultUpIndicator -> b
    java.lang.CharSequence mDefaultContentDescription -> c
    639:643:void <init>(android.support.v7.widget.Toolbar) -> <init>
    647:649:void setActionBarUpIndicator(android.graphics.drawable.Drawable,int) -> a
    653:658:void setActionBarDescription(int) -> a
    662:662:android.graphics.drawable.Drawable getThemeUpIndicator() -> a
    667:667:android.content.Context getActionBarThemedContext() -> b
    672:672:boolean isNavigationVisible() -> c
android.support.v7.app.ActionBarDrawerToggleHoneycomb -> android.support.v7.app.c:
    int[] THEME_ATTRS -> a
    56:71:android.support.v7.app.ActionBarDrawerToggleHoneycomb$SetIndicatorInfo setActionBarUpIndicator(android.support.v7.app.ActionBarDrawerToggleHoneycomb$SetIndicatorInfo,android.app.Activity,android.graphics.drawable.Drawable,int) -> a
    76:92:android.support.v7.app.ActionBarDrawerToggleHoneycomb$SetIndicatorInfo setActionBarDescription(android.support.v7.app.ActionBarDrawerToggleHoneycomb$SetIndicatorInfo,android.app.Activity,int) -> a
    96:99:android.graphics.drawable.Drawable getThemeUpIndicator(android.app.Activity) -> a
    49:49:void <clinit>() -> <clinit>
android.support.v7.app.ActionBarDrawerToggleHoneycomb$SetIndicatorInfo -> android.support.v7.app.c$a:
    java.lang.reflect.Method setHomeAsUpIndicator -> a
    java.lang.reflect.Method setHomeActionContentDescription -> b
    android.widget.ImageView upIndicatorView -> c
    107:141:void <init>(android.app.Activity) -> <init>