ParseStarterProject/build/outputs/mapping/release/usage.txt
com.happy.starter.BuildConfig
com.happy.starter.EndlessRecyclerViewScrollListener:
    15:34:public EndlessRecyclerViewScrollListener(android.support.v7.widget.GridLayoutManager)
    15:39:public EndlessRecyclerViewScrollListener(android.support.v7.widget.StaggeredGridLayoutManager)
    102:105:public void resetState()
com.happy.starter.ItemAdapter:
    private android.widget.ImageView content
    public static final java.lang.String ACTION_LIKE_BUTTON_CLICKED
    147:168:public android.net.Uri getLocalBitmapUri(android.widget.ImageView)
com.happy.starter.ItemAdapter$ImageDownloader
com.happy.starter.Main2Activity:
    android.support.v7.widget.RecyclerView rvItem
    android.widget.ListView requestListView
    android.widget.ArrayAdapter arrayAdapter
com.happy.starter.Main3Activity:
    android.support.v7.widget.SwitchCompat English
    android.support.v7.widget.SwitchCompat Telugu
    android.support.v7.widget.SwitchCompat Hindi
    android.support.v7.widget.SwitchCompat Tamil
    android.support.v7.widget.SwitchCompat Malayalam
    android.support.v7.widget.SwitchCompat Kannada
com.happy.starter.MainActivity:
    protected static final java.lang.String TAG
    android.support.v7.widget.RecyclerView rvItem
    android.widget.ListView requestListView
    android.widget.ArrayAdapter arrayAdapter
    android.support.v4.widget.SwipeRefreshLayout swiper
    android.content.SharedPreferences sharedPreferences
    android.location.LocationManager locationManager
    android.location.LocationListener locationListener
com.happy.starter.Manifest
com.happy.starter.Manifest$permission
com.happy.starter.R
com.happy.starter.R$anim
com.happy.starter.R$animator
com.happy.starter.R$array
com.happy.starter.R$attr
com.happy.starter.R$bool
com.happy.starter.R$color
com.happy.starter.R$dimen
com.happy.starter.R$drawable
com.happy.starter.R$id
com.happy.starter.R$integer
com.happy.starter.R$layout
com.happy.starter.R$menu
com.happy.starter.R$mipmap
com.happy.starter.R$raw
com.happy.starter.R$string
com.happy.starter.R$style
com.happy.starter.R$styleable
com.happy.starter.Utils
...
android.support.constraint.solver.widgets.ConstraintWidgetContainer
android.support.constraint.solver.widgets.ConstraintWidgetContainer$2
android.support.constraint.solver.widgets.Guideline
android.support.constraint.solver.widgets.Guideline$1
android.support.constraint.solver.widgets.Optimizer
android.support.constraint.solver.widgets.Rectangle
android.support.constraint.solver.widgets.Snapshot
android.support.constraint.solver.widgets.Snapshot$Connection
android.support.constraint.solver.widgets.WidgetContainer
android.support.coreui.BuildConfig
android.support.coreui.R
android.support.coreutils.BuildConfig
android.support.coreutils.R
android.support.design.BuildConfig
android.support.design.R:
    9:9:public R()
android.support.design.R$anim:
    10:10:public R$anim()
android.support.design.R$animator
android.support.design.R$attr:
    31:31:public R$attr()
android.support.design.R$bool
android.support.design.R$color:
    354:354:public R$color()
android.support.design.R$dimen:
    451:451:public R$dimen()
android.support.design.R$drawable:
    592:592:public R$drawable()
android.support.design.R$id:
    704:704:public R$id()
android.support.design.R$integer:
    858:858:public R$integer()
android.support.design.R$layout:
    869:869:public R$layout()
android.support.design.R$string
android.support.design.R$style:
    974:974:public R$style()
android.support.design.R$styleable:
    1354:1354:public R$styleable()
android.support.design.internal.BottomNavigationAnimationHelperBase
android.support.design.internal.BottomNavigationAnimationHelperIcs
android.support.design.internal.BottomNavigationItemView
android.support.design.internal.BottomNavigationMenu
android.support.design.internal.BottomNavigationMenuView
android.support.design.internal.BottomNavigationMenuView$1
android.support.design.internal.BottomNavigationPresenter
android.support.design.internal.NavigationMenuItemView:
    205:205:public void setShortcut(boolean,char)
    236:236:public boolean showsIcon()
android.support.design.internal.NavigationMenuPresenter:
    private static final java.lang.String STATE_HIERARCHY
    private static final java.lang.String STATE_ADAPTER
    private static final java.lang.String STATE_HEADER
    223:227:public void removeHeaderView(android.view.View)
    234:234:public android.view.View getHeaderView(int)
android.support.design.internal.NavigationMenuPresenter$NavigationMenuAdapter:
    private static final java.lang.String STATE_CHECKED_ITEM
    private static final java.lang.String STATE_ACTION_VIEWS
    private static final int VIEW_TYPE_NORMAL
    private static final int VIEW_TYPE_SUBHEADER
    private static final int VIEW_TYPE_SEPARATOR
    private static final int VIEW_TYPE_HEADER
android.support.design.internal.TextScale
android.support.design.internal.TextScale$1
android.support.design.internal.package-info
android.support.design.widget.AnimationUtils:
    27:46:AnimationUtils()
    39:39:static float lerp(float,float,float)
android.support.design.widget.AppBarLayout:
    static final int PENDING_ACTION_NONE
    static final int PENDING_ACTION_EXPANDED
    static final int PENDING_ACTION_COLLAPSED
    static final int PENDING_ACTION_ANIMATE_ENABLED
    private static final int INVALID_SCROLL_RANGE
    201:207:public void addOnOffsetChangedListener(android.support.design.widget.AppBarLayout$OnOffsetChangedListener)
    215:218:public void removeOnOffsetChangedListener(android.support.design.widget.AppBarLayout$OnOffsetChangedListener)
android.support.design.widget.AppBarLayout$Behavior:
    private static final int MAX_OFFSET_ANIMATION_DURATION
    private static final int INVALID_POSITION
    921:922:public void setDragCallback(android.support.design.widget.AppBarLayout$Behavior$DragCallback)
    1176:1176:boolean isOffsetAnimatorRunning()
    766:766:public bridge synthetic int getLeftAndRightOffset()
    766:766:public bridge synthetic boolean setLeftAndRightOffset(int)